<?xml version="1.0" encoding="UTF-8" ?>
<testsuite tests="10" failures="0" name="kz.zhanbolat.maintask.AppTest" time="0.031" errors="0" skipped="0">
  <properties>
    <property name="java.runtime.name" value="Java(TM) SE Runtime Environment"/>
    <property name="java.vm.version" value="10.0.2+13"/>
    <property name="sun.boot.library.path" value="C:\Program Files\Java\jdk-10.0.2\bin"/>
    <property name="user.country.format" value="KZ"/>
    <property name="maven.multiModuleProjectDirectory" value="C:\Users\fous3\Documents\GitRep\JEEMainTask\jee-main-task"/>
    <property name="java.vm.vendor" value="&quot;Oracle Corporation&quot;"/>
    <property name="java.vendor.url" value="http://java.oracle.com/"/>
    <property name="guice.disable.misplaced.annotation.check" value="true"/>
    <property name="path.separator" value=";"/>
    <property name="java.vm.name" value="Java HotSpot(TM) 64-Bit Server VM"/>
    <property name="file.encoding.pkg" value="sun.io"/>
    <property name="sun.os.patch.level" value=""/>
    <property name="user.script" value=""/>
    <property name="sun.java.launcher" value="SUN_STANDARD"/>
    <property name="user.country" value="RU"/>
    <property name="java.vm.specification.name" value="Java Virtual Machine Specification"/>
    <property name="user.dir" value="C:\Users\fous3\Documents\GitRep\JEEMainTask\jee-main-task"/>
    <property name="java.vm.compressedOopsMode" value="Zero based"/>
    <property name="java.runtime.version" value="10.0.2+13"/>
    <property name="java.awt.graphicsenv" value="sun.awt.Win32GraphicsEnvironment"/>
    <property name="os.arch" value="amd64"/>
    <property name="java.io.tmpdir" value="C:\Users\fous3\AppData\Local\Temp\"/>
    <property name="line.separator" value="
"/>
    <property name="java.vm.specification.vendor" value="Oracle Corporation"/>
    <property name="user.variant" value=""/>
    <property name="os.name" value="Windows 10"/>
    <property name="classworlds.conf" value="C:\Users\fous3\Documents\eclipse-committers-photon-R-win32-x86_64\eclipse\plugins\apache-maven-3.6.0\bin\..\bin\m2.conf"/>
    <property name="sun.jnu.encoding" value="Cp1251"/>
    <property name="java.library.path" value="C:\Program Files\Java\jdk-10.0.2\bin;C:\Windows\Sun\Java\bin;C:\Windows\system32;C:\Windows;C:\Program Files (x86)\Common Files\Oracle\Java\javapath;C:\Windows\system32;C:\Windows;C:\Windows\System32\Wbem;C:\Windows\System32\WindowsPowerShell\v1.0\;C:\Windows\System32\OpenSSH\;C:\Program Files (x86)\NVIDIA Corporation\PhysX\Common;C:\Program Files\Microsoft VS Code\bin;C:\Program Files\Git\cmd;C:\ProgramData\chocolatey\bin;C:\Users\fous3\AppData\Local\Programs\Python\Python36;C:\Users\fous3\AppData\Local\Programs\Python\Python36\Scripts;C:\Users\fous3\Documents\eclipse-committers-photon-R-win32-x86_64\eclipse\plugins\apache-maven-3.6.0\bin;;C:\Program Files\NVIDIA Corporation\NVIDIA NvDLISR;C:\Users\fous3\AppData\Local\Microsoft\WindowsApps;C:\tools\dart-sdk\bin;C:\Users\fous3\AppData\Roaming\Pub\Cache\bin;C:\Users\fous3\AppData\Local\Programs\Python\Python36;;."/>
    <property name="maven.conf" value="C:\Users\fous3\Documents\eclipse-committers-photon-R-win32-x86_64\eclipse\plugins\apache-maven-3.6.0\bin\../conf"/>
    <property name="jdk.debug" value="release"/>
    <property name="java.class.version" value="54.0"/>
    <property name="java.specification.name" value="Java Platform API Specification"/>
    <property name="sun.management.compiler" value="HotSpot 64-Bit Tiered Compilers"/>
    <property name="os.version" value="10.0"/>
    <property name="library.jansi.path" value="C:\Users\fous3\Documents\eclipse-committers-photon-R-win32-x86_64\eclipse\plugins\apache-maven-3.6.0\bin\..\lib\jansi-native"/>
    <property name="user.home" value="C:\Users\fous3"/>
    <property name="user.timezone" value="Asia/Almaty"/>
    <property name="java.awt.printerjob" value="sun.awt.windows.WPrinterJob"/>
    <property name="file.encoding" value="Cp1251"/>
    <property name="java.specification.version" value="10"/>
    <property name="user.name" value="fous3"/>
    <property name="java.class.path" value="C:\Users\fous3\Documents\eclipse-committers-photon-R-win32-x86_64\eclipse\plugins\apache-maven-3.6.0\bin\..\boot\plexus-classworlds-2.5.2.jar"/>
    <property name="java.vm.specification.version" value="10"/>
    <property name="sun.arch.data.model" value="64"/>
    <property name="sun.java.command" value="org.codehaus.plexus.classworlds.launcher.Launcher test"/>
    <property name="java.home" value="C:\Program Files\Java\jdk-10.0.2"/>
    <property name="user.language" value="ru"/>
    <property name="java.specification.vendor" value="Oracle Corporation"/>
    <property name="awt.toolkit" value="sun.awt.windows.WToolkit"/>
    <property name="java.vm.info" value="mixed mode"/>
    <property name="java.version" value="10.0.2"/>
    <property name="java.vendor" value="Oracle Corporation"/>
    <property name="sun.stderr.encoding" value="cp866"/>
    <property name="maven.home" value="C:\Users\fous3\Documents\eclipse-committers-photon-R-win32-x86_64\eclipse\plugins\apache-maven-3.6.0\bin\.."/>
    <property name="file.separator" value="\"/>
    <property name="java.version.date" value="2018-07-17"/>
    <property name="java.vendor.url.bug" value="http://bugreport.java.com/bugreport/"/>
    <property name="sun.io.unicode.encoding" value="UnicodeLittle"/>
    <property name="sun.cpu.endian" value="little"/>
    <property name="java.vendor.version" value="18.3"/>
    <property name="sun.stdout.encoding" value="cp866"/>
    <property name="sun.desktop" value="windows"/>
    <property name="sun.cpu.isalist" value="amd64"/>
  </properties>
  <testcase classname="kz.zhanbolat.maintask.AppTest" name="testLoadData" time="0.02"/>
  <testcase classname="kz.zhanbolat.maintask.AppTest" name="testCalculatAvg" time="0"/>
  <testcase classname="kz.zhanbolat.maintask.AppTest" name="testParseIntoNumbers" time="0"/>
  <testcase classname="kz.zhanbolat.maintask.AppTest" name="testWriteData" time="0.007"/>
  <testcase classname="kz.zhanbolat.maintask.AppTest" name="parseIntoNumberShouldReturnException" time="0"/>
  <testcase classname="kz.zhanbolat.maintask.AppTest" name="isNumberShouldReturnFalse" time="0"/>
  <testcase classname="kz.zhanbolat.maintask.AppTest" name="isNumberShouldReturnTrue" time="0"/>
  <testcase classname="kz.zhanbolat.maintask.AppTest" name="testParseIntoNumber" time="0"/>
  <testcase classname="kz.zhanbolat.maintask.AppTest" name="loadDataShouldThrowMemoryAllocationException" time="0.002"/>
  <testcase classname="kz.zhanbolat.maintask.AppTest" name="testCalculateSum" time="0.002"/>
</testsuite>