<?xml version="1.0" encoding="UTF-8"?>
<testsuite xmlns:xsi="http://www.w3.org/2001/XMLSchema-instance" xsi:noNamespaceSchemaLocation="https://maven.apache.org/surefire/maven-surefire-plugin/xsd/surefire-test-report.xsd" name="kz.zhanbolat.maintask.AppTest" time="0.083" tests="1" errors="0" skipped="0" failures="0">
  <properties>
    <property name="sun.desktop" value="windows"/>
    <property name="awt.toolkit" value="sun.awt.windows.WToolkit"/>
    <property name="java.specification.version" value="10"/>
    <property name="file.encoding.pkg" value="sun.io"/>
    <property name="sun.cpu.isalist" value="amd64"/>
    <property name="sun.jnu.encoding" value="Cp1251"/>
    <property name="java.class.path" value="C:\Users\Жанболат\Documents\GitRep\JEEMainTask\jee-main-task\target\test-classes;C:\Users\Жанболат\Documents\GitRep\JEEMainTask\jee-main-task\target\classes;C:\Users\Жанболат\.m2\repository\junit\junit\4.11\junit-4.11.jar;C:\Users\Жанболат\.m2\repository\org\hamcrest\hamcrest-core\1.3\hamcrest-core-1.3.jar;"/>
    <property name="java.vm.vendor" value="&quot;Oracle Corporation&quot;"/>
    <property name="sun.arch.data.model" value="64"/>
    <property name="user.variant" value=""/>
    <property name="java.vendor.url" value="http://java.oracle.com/"/>
    <property name="user.timezone" value="Asia/Almaty"/>
    <property name="user.country.format" value="KZ"/>
    <property name="java.vm.specification.version" value="10"/>
    <property name="os.name" value="Windows 10"/>
    <property name="sun.java.launcher" value="SUN_STANDARD"/>
    <property name="user.country" value="RU"/>
    <property name="sun.boot.library.path" value="C:\Program Files\Java\jdk-10.0.2\bin"/>
    <property name="sun.java.command" value="C:\Users\7785~1\AppData\Local\Temp\surefire5582507324133437962\surefirebooter5840959407310066121.jar C:\Users\Жанболат\AppData\Local\Temp\surefire5582507324133437962 2019-05-24T15-31-29_483-jvmRun1 surefire69829404731950603tmp surefire_05824918643446945085tmp"/>
    <property name="jdk.debug" value="release"/>
    <property name="surefire.test.class.path" value="C:\Users\Жанболат\Documents\GitRep\JEEMainTask\jee-main-task\target\test-classes;C:\Users\Жанболат\Documents\GitRep\JEEMainTask\jee-main-task\target\classes;C:\Users\Жанболат\.m2\repository\junit\junit\4.11\junit-4.11.jar;C:\Users\Жанболат\.m2\repository\org\hamcrest\hamcrest-core\1.3\hamcrest-core-1.3.jar;"/>
    <property name="sun.cpu.endian" value="little"/>
    <property name="user.home" value="C:\Users\Жанболат"/>
    <property name="user.language" value="ru"/>
    <property name="java.specification.vendor" value="Oracle Corporation"/>
    <property name="java.version.date" value="2018-07-17"/>
    <property name="java.home" value="C:\Program Files\Java\jdk-10.0.2"/>
    <property name="file.separator" value="\"/>
    <property name="basedir" value="C:\Users\Жанболат\Documents\GitRep\JEEMainTask\jee-main-task"/>
    <property name="java.vm.compressedOopsMode" value="32-bit"/>
    <property name="line.separator" value="&#10;"/>
    <property name="java.specification.name" value="Java Platform API Specification"/>
    <property name="java.vm.specification.vendor" value="Oracle Corporation"/>
    <property name="java.awt.graphicsenv" value="sun.awt.Win32GraphicsEnvironment"/>
    <property name="surefire.real.class.path" value="C:\Users\7785~1\AppData\Local\Temp\surefire5582507324133437962\surefirebooter5840959407310066121.jar"/>
    <property name="user.script" value=""/>
    <property name="sun.management.compiler" value="HotSpot 64-Bit Tiered Compilers"/>
    <property name="java.runtime.version" value="10.0.2+13"/>
    <property name="user.name" value="Жанболат"/>
    <property name="path.separator" value=";"/>
    <property name="os.version" value="10.0"/>
    <property name="java.runtime.name" value="Java(TM) SE Runtime Environment"/>
    <property name="file.encoding" value="Cp1251"/>
    <property name="java.vm.name" value="Java HotSpot(TM) 64-Bit Server VM"/>
    <property name="java.vendor.version" value="18.3"/>
    <property name="localRepository" value="C:\Users\Жанболат\.m2\repository"/>
    <property name="java.vendor.url.bug" value="http://bugreport.java.com/bugreport/"/>
    <property name="java.io.tmpdir" value="C:\Users\7785~1\AppData\Local\Temp\"/>
    <property name="java.version" value="10.0.2"/>
    <property name="user.dir" value="C:\Users\Жанболат\Documents\GitRep\JEEMainTask\jee-main-task"/>
    <property name="os.arch" value="amd64"/>
    <property name="java.vm.specification.name" value="Java Virtual Machine Specification"/>
    <property name="java.awt.printerjob" value="sun.awt.windows.WPrinterJob"/>
    <property name="sun.os.patch.level" value=""/>
    <property name="java.library.path" value="C:\Program Files\Java\jdk-10.0.2\bin;C:\Windows\Sun\Java\bin;C:\Windows\system32;C:\Windows;C:\Program Files (x86)\Common Files\Oracle\Java\javapath;C:\Windows\system32;C:\Windows;C:\Windows\System32\Wbem;C:\Windows\System32\WindowsPowerShell\v1.0\;C:\Windows\System32\OpenSSH\;C:\Program Files\Git\cmd;C:\Program Files\dotnet\;C:\ProgramData\chocolatey\bin;;C:\Program Files\NVIDIA Corporation\NVIDIA NvDLISR;C:\Program Files (x86)\NVIDIA Corporation\PhysX\Common;C:\Users\Жанболат\AppData\Local\Microsoft\WindowsApps;C:\Users\Жанболат\AppData\Local\Programs\Microsoft VS Code\bin;C:\tools\dart-sdk\bin;C:\Users\Жанболат\AppData\Roaming\Pub\Cache\bin;C:\Program Files (x86)\Microsoft Visual Studio\2017\Community\Common7\IDE;C:\Users\Жанболат\AppData\Local\Programs\Python\Python36;C:\Users\Жанболат\AppData\Local\Programs\Python\Python36\Scripts;C:\Users\Жанболат\Documents\apache-maven-3.6.0\bin;;."/>
    <property name="java.vendor" value="Oracle Corporation"/>
    <property name="java.vm.info" value="mixed mode"/>
    <property name="java.vm.version" value="10.0.2+13"/>
    <property name="sun.io.unicode.encoding" value="UnicodeLittle"/>
    <property name="java.class.version" value="54.0"/>
  </properties>
  <testcase name="shouldAnswerWithTrue" classname="kz.zhanbolat.maintask.AppTest" time="0.003"/>
</testsuite>